#! /usr/local/bin/vvp
:ivl_version "12.0 (stable)";
:ivl_delay_selection "TYPICAL";
:vpi_time_precision - 12;
:vpi_module "/usr/local/lib/ivl/system.vpi";
:vpi_module "/usr/local/lib/ivl/vhdl_sys.vpi";
:vpi_module "/usr/local/lib/ivl/vhdl_textio.vpi";
:vpi_module "/usr/local/lib/ivl/v2005_math.vpi";
:vpi_module "/usr/local/lib/ivl/va_math.vpi";
:vpi_module "/usr/local/lib/ivl/v2009.vpi";
S_0x2ed20280 .scope package, "$unit" "$unit" 2 1;
 .timescale 0 0;
S_0x2ed20410 .scope module, "dual_port_ram_tb" "dual_port_ram_tb" 3 48;
 .timescale -9 -12;
v0x2ed48b00_0 .var "addr_a", 5 0;
v0x2ed48be0_0 .var "addr_b", 5 0;
v0x2ed48cb0_0 .var "clk", 0 0;
v0x2ed48db0_0 .var "data_a", 7 0;
v0x2ed48e80_0 .var "data_b", 7 0;
v0x2ed48f20_0 .net "q_a", 7 0, L_0x2ed4a5d0;  1 drivers
v0x2ed48ff0_0 .net "q_b", 7 0, L_0x2ed4a8f0;  1 drivers
v0x2ed490c0_0 .var "we_a", 0 0;
v0x2ed49190_0 .var "we_b", 0 0;
S_0x2ecf0710 .scope module, "dut" "dual_port_ram" 3 58, 4 27 0, S_0x2ed20410;
 .timescale 0 0;
    .port_info 0 /INPUT 8 "data_a";
    .port_info 1 /INPUT 8 "data_b";
    .port_info 2 /INPUT 6 "addr_a";
    .port_info 3 /INPUT 6 "addr_b";
    .port_info 4 /INPUT 1 "we_a";
    .port_info 5 /INPUT 1 "we_b";
    .port_info 6 /INPUT 1 "clk";
    .port_info 7 /OUTPUT 8 "q_a";
    .port_info 8 /OUTPUT 8 "q_b";
L_0x2ed4a5d0 .functor BUFZ 8, L_0x2ed4a360, C4<00000000>, C4<00000000>, C4<00000000>;
L_0x2ed4a8f0 .functor BUFZ 8, L_0x2ed4a6e0, C4<00000000>, C4<00000000>, C4<00000000>;
v0x2ed08ce0_0 .net *"_ivl_0", 7 0, L_0x2ed4a360;  1 drivers
v0x2ed47a00_0 .net *"_ivl_10", 7 0, L_0x2ed4a780;  1 drivers
L_0x7fa8fd2a8060 .functor BUFT 1, C4<00>, C4<0>, C4<0>, C4<0>;
v0x2ed47ae0_0 .net *"_ivl_13", 1 0, L_0x7fa8fd2a8060;  1 drivers
v0x2ed47bd0_0 .net *"_ivl_2", 7 0, L_0x2ed4a460;  1 drivers
L_0x7fa8fd2a8018 .functor BUFT 1, C4<00>, C4<0>, C4<0>, C4<0>;
v0x2ed47cb0_0 .net *"_ivl_5", 1 0, L_0x7fa8fd2a8018;  1 drivers
v0x2ed47de0_0 .net *"_ivl_8", 7 0, L_0x2ed4a6e0;  1 drivers
v0x2ed47ec0_0 .net "addr_a", 5 0, v0x2ed48b00_0;  1 drivers
v0x2ed47fa0_0 .var "addr_a_reg", 5 0;
v0x2ed48080_0 .net "addr_b", 5 0, v0x2ed48be0_0;  1 drivers
v0x2ed481f0_0 .var "addr_b_reg", 5 0;
v0x2ed482d0_0 .net "clk", 0 0, v0x2ed48cb0_0;  1 drivers
v0x2ed48390_0 .net "data_a", 7 0, v0x2ed48db0_0;  1 drivers
v0x2ed48470_0 .net "data_b", 7 0, v0x2ed48e80_0;  1 drivers
v0x2ed48550_0 .net "q_a", 7 0, L_0x2ed4a5d0;  alias, 1 drivers
v0x2ed48630_0 .net "q_b", 7 0, L_0x2ed4a8f0;  alias, 1 drivers
v0x2ed48710 .array "ram", 0 63, 7 0;
v0x2ed487d0_0 .net "we_a", 0 0, v0x2ed490c0_0;  1 drivers
v0x2ed48980_0 .net "we_b", 0 0, v0x2ed49190_0;  1 drivers
E_0x2ed1c710 .event posedge, v0x2ed482d0_0;
L_0x2ed4a360 .array/port v0x2ed48710, L_0x2ed4a460;
L_0x2ed4a460 .concat [ 6 2 0 0], v0x2ed47fa0_0, L_0x7fa8fd2a8018;
L_0x2ed4a6e0 .array/port v0x2ed48710, L_0x2ed4a780;
L_0x2ed4a780 .concat [ 6 2 0 0], v0x2ed481f0_0, L_0x7fa8fd2a8060;
S_0x2ecf0580 .scope module, "single_port_ram_tb" "single_port_ram_tb" 3 3;
 .timescale -9 -12;
v0x2ed49f40_0 .var "addr", 5 0;
v0x2ed4a020_0 .var "clk", 0 0;
v0x2ed4a0f0_0 .var "data", 7 0;
v0x2ed4a1f0_0 .net "q", 7 0, L_0x2ed4abe0;  1 drivers
v0x2ed4a2c0_0 .var "we", 0 0;
S_0x2ed492f0 .scope module, "dut" "single_port_ram" 3 10, 4 3 0, S_0x2ecf0580;
 .timescale 0 0;
    .port_info 0 /INPUT 8 "data";
    .port_info 1 /INPUT 1 "we";
    .port_info 2 /INPUT 6 "addr";
    .port_info 3 /INPUT 1 "clk";
    .port_info 4 /OUTPUT 8 "q";
L_0x2ed4abe0 .functor BUFZ 8, L_0x2ed4aa00, C4<00000000>, C4<00000000>, C4<00000000>;
v0x2ed49570_0 .net *"_ivl_0", 7 0, L_0x2ed4aa00;  1 drivers
v0x2ed49630_0 .net *"_ivl_2", 7 0, L_0x2ed4aaa0;  1 drivers
L_0x7fa8fd2a80a8 .functor BUFT 1, C4<00>, C4<0>, C4<0>, C4<0>;
v0x2ed49710_0 .net *"_ivl_5", 1 0, L_0x7fa8fd2a80a8;  1 drivers
v0x2ed49800_0 .net "addr", 5 0, v0x2ed49f40_0;  1 drivers
v0x2ed498e0_0 .var "addr_reg", 5 0;
v0x2ed49a10_0 .net "clk", 0 0, v0x2ed4a020_0;  1 drivers
v0x2ed49ad0_0 .net "data", 7 0, v0x2ed4a0f0_0;  1 drivers
v0x2ed49bb0_0 .net "q", 7 0, L_0x2ed4abe0;  alias, 1 drivers
v0x2ed49c90 .array "ram", 0 63, 7 0;
v0x2ed49de0_0 .net "we", 0 0, v0x2ed4a2c0_0;  1 drivers
E_0x2ed49530 .event posedge, v0x2ed49a10_0;
L_0x2ed4aa00 .array/port v0x2ed49c90, L_0x2ed4aaa0;
L_0x2ed4aaa0 .concat [ 6 2 0 0], v0x2ed498e0_0, L_0x7fa8fd2a80a8;
    .scope S_0x2ecf0710;
T_0 ;
    %wait E_0x2ed1c710;
    %load/vec4 v0x2ed487d0_0;
    %flag_set/vec4 10;
    %flag_get/vec4 10;
    %jmp/0 T_0.3, 10;
    %load/vec4 v0x2ed48980_0;
    %and;
T_0.3;
    %flag_set/vec4 9;
    %flag_get/vec4 9;
    %jmp/0 T_0.2, 9;
    %load/vec4 v0x2ed47ec0_0;
    %load/vec4 v0x2ed48080_0;
    %cmp/e;
    %flag_get/vec4 4;
    %and;
T_0.2;
    %flag_set/vec4 8;
    %jmp/0xz  T_0.0, 8;
    %vpi_call/w 4 42 "$display", "WARNING: Write collision at addr %0d", v0x2ed47ec0_0 {0 0 0};
    %jmp T_0.1;
T_0.0 ;
    %load/vec4 v0x2ed487d0_0;
    %flag_set/vec4 8;
    %jmp/0xz  T_0.4, 8;
    %load/vec4 v0x2ed48390_0;
    %load/vec4 v0x2ed47ec0_0;
    %pad/u 8;
    %ix/vec4 3;
    %ix/load 4, 0, 0; Constant delay
    %assign/vec4/a/d v0x2ed48710, 0, 4;
T_0.4 ;
T_0.1 ;
    %load/vec4 v0x2ed47ec0_0;
    %assign/vec4 v0x2ed47fa0_0, 0;
    %jmp T_0;
    .thread T_0;
    .scope S_0x2ecf0710;
T_1 ;
    %wait E_0x2ed1c710;
    %load/vec4 v0x2ed487d0_0;
    %flag_set/vec4 10;
    %flag_get/vec4 10;
    %jmp/0 T_1.3, 10;
    %load/vec4 v0x2ed48980_0;
    %and;
T_1.3;
    %flag_set/vec4 9;
    %flag_get/vec4 9;
    %jmp/0 T_1.2, 9;
    %load/vec4 v0x2ed48080_0;
    %load/vec4 v0x2ed47ec0_0;
    %cmp/e;
    %flag_get/vec4 4;
    %and;
T_1.2;
    %nor/r;
    %flag_set/vec4 8;
    %jmp/0xz  T_1.0, 8;
    %load/vec4 v0x2ed48980_0;
    %flag_set/vec4 8;
    %jmp/0xz  T_1.4, 8;
    %load/vec4 v0x2ed48470_0;
    %load/vec4 v0x2ed48080_0;
    %pad/u 8;
    %ix/vec4 3;
    %ix/load 4, 0, 0; Constant delay
    %assign/vec4/a/d v0x2ed48710, 0, 4;
T_1.4 ;
T_1.0 ;
    %load/vec4 v0x2ed48080_0;
    %assign/vec4 v0x2ed481f0_0, 0;
    %jmp T_1;
    .thread T_1;
    .scope S_0x2ed20410;
T_2 ;
    %vpi_call/w 3 71 "$dumpfile", "dump.vcd" {0 0 0};
    %vpi_call/w 3 72 "$dumpvars", 32'sb00000000000000000000000000000000, S_0x2ed20410 {0 0 0};
    %pushi/vec4 0, 0, 1;
    %store/vec4 v0x2ed48cb0_0, 0, 1;
T_2.0 ;
    %delay 5000, 0;
    %load/vec4 v0x2ed48cb0_0;
    %inv;
    %store/vec4 v0x2ed48cb0_0, 0, 1;
    %jmp T_2.0;
    %end;
    .thread T_2;
    .scope S_0x2ed20410;
T_3 ;
    %pushi/vec4 0, 0, 1;
    %store/vec4 v0x2ed490c0_0, 0, 1;
    %pushi/vec4 0, 0, 1;
    %store/vec4 v0x2ed49190_0, 0, 1;
    %pushi/vec4 0, 0, 8;
    %store/vec4 v0x2ed48db0_0, 0, 8;
    %pushi/vec4 0, 0, 8;
    %store/vec4 v0x2ed48e80_0, 0, 8;
    %pushi/vec4 0, 0, 6;
    %store/vec4 v0x2ed48b00_0, 0, 6;
    %pushi/vec4 0, 0, 6;
    %store/vec4 v0x2ed48be0_0, 0, 6;
    %delay 10000, 0;
    %pushi/vec4 1, 0, 1;
    %store/vec4 v0x2ed490c0_0, 0, 1;
    %pushi/vec4 1, 0, 1;
    %store/vec4 v0x2ed49190_0, 0, 1;
    %pushi/vec4 161, 0, 8;
    %store/vec4 v0x2ed48db0_0, 0, 8;
    %pushi/vec4 0, 0, 6;
    %store/vec4 v0x2ed48b00_0, 0, 6;
    %pushi/vec4 177, 0, 8;
    %store/vec4 v0x2ed48e80_0, 0, 8;
    %pushi/vec4 1, 0, 6;
    %store/vec4 v0x2ed48be0_0, 0, 6;
    %delay 10000, 0;
    %pushi/vec4 162, 0, 8;
    %store/vec4 v0x2ed48db0_0, 0, 8;
    %pushi/vec4 2, 0, 6;
    %store/vec4 v0x2ed48b00_0, 0, 6;
    %pushi/vec4 178, 0, 8;
    %store/vec4 v0x2ed48e80_0, 0, 8;
    %pushi/vec4 3, 0, 6;
    %store/vec4 v0x2ed48be0_0, 0, 6;
    %delay 10000, 0;
    %pushi/vec4 163, 0, 8;
    %store/vec4 v0x2ed48db0_0, 0, 8;
    %pushi/vec4 4, 0, 6;
    %store/vec4 v0x2ed48b00_0, 0, 6;
    %pushi/vec4 179, 0, 8;
    %store/vec4 v0x2ed48e80_0, 0, 8;
    %pushi/vec4 5, 0, 6;
    %store/vec4 v0x2ed48be0_0, 0, 6;
    %delay 10000, 0;
    %pushi/vec4 164, 0, 8;
    %store/vec4 v0x2ed48db0_0, 0, 8;
    %pushi/vec4 6, 0, 6;
    %store/vec4 v0x2ed48b00_0, 0, 6;
    %pushi/vec4 180, 0, 8;
    %store/vec4 v0x2ed48e80_0, 0, 8;
    %pushi/vec4 7, 0, 6;
    %store/vec4 v0x2ed48be0_0, 0, 6;
    %delay 10000, 0;
    %pushi/vec4 0, 0, 1;
    %store/vec4 v0x2ed490c0_0, 0, 1;
    %pushi/vec4 0, 0, 1;
    %store/vec4 v0x2ed49190_0, 0, 1;
    %pushi/vec4 0, 0, 6;
    %store/vec4 v0x2ed48b00_0, 0, 6;
    %pushi/vec4 1, 0, 6;
    %store/vec4 v0x2ed48be0_0, 0, 6;
    %delay 10000, 0;
    %pushi/vec4 2, 0, 6;
    %store/vec4 v0x2ed48b00_0, 0, 6;
    %pushi/vec4 3, 0, 6;
    %store/vec4 v0x2ed48be0_0, 0, 6;
    %delay 10000, 0;
    %pushi/vec4 4, 0, 6;
    %store/vec4 v0x2ed48b00_0, 0, 6;
    %pushi/vec4 5, 0, 6;
    %store/vec4 v0x2ed48be0_0, 0, 6;
    %delay 10000, 0;
    %pushi/vec4 6, 0, 6;
    %store/vec4 v0x2ed48b00_0, 0, 6;
    %pushi/vec4 7, 0, 6;
    %store/vec4 v0x2ed48be0_0, 0, 6;
    %delay 10000, 0;
    %pushi/vec4 1, 0, 1;
    %store/vec4 v0x2ed490c0_0, 0, 1;
    %pushi/vec4 0, 0, 1;
    %store/vec4 v0x2ed49190_0, 0, 1;
    %pushi/vec4 255, 0, 8;
    %store/vec4 v0x2ed48db0_0, 0, 8;
    %pushi/vec4 8, 0, 6;
    %store/vec4 v0x2ed48b00_0, 0, 6;
    %pushi/vec4 0, 0, 6;
    %store/vec4 v0x2ed48be0_0, 0, 6;
    %delay 10000, 0;
    %pushi/vec4 238, 0, 8;
    %store/vec4 v0x2ed48db0_0, 0, 8;
    %pushi/vec4 9, 0, 6;
    %store/vec4 v0x2ed48b00_0, 0, 6;
    %pushi/vec4 2, 0, 6;
    %store/vec4 v0x2ed48be0_0, 0, 6;
    %delay 10000, 0;
    %pushi/vec4 0, 0, 1;
    %store/vec4 v0x2ed490c0_0, 0, 1;
    %pushi/vec4 1, 0, 1;
    %store/vec4 v0x2ed49190_0, 0, 1;
    %pushi/vec4 204, 0, 8;
    %store/vec4 v0x2ed48e80_0, 0, 8;
    %pushi/vec4 10, 0, 6;
    %store/vec4 v0x2ed48be0_0, 0, 6;
    %pushi/vec4 1, 0, 6;
    %store/vec4 v0x2ed48b00_0, 0, 6;
    %delay 10000, 0;
    %pushi/vec4 221, 0, 8;
    %store/vec4 v0x2ed48e80_0, 0, 8;
    %pushi/vec4 11, 0, 6;
    %store/vec4 v0x2ed48be0_0, 0, 6;
    %pushi/vec4 3, 0, 6;
    %store/vec4 v0x2ed48b00_0, 0, 6;
    %delay 10000, 0;
    %vpi_call/w 3 150 "$display", " Collision - Both Ports Write to Same addr  " {0 0 0};
    %pushi/vec4 1, 0, 1;
    %store/vec4 v0x2ed490c0_0, 0, 1;
    %pushi/vec4 1, 0, 1;
    %store/vec4 v0x2ed49190_0, 0, 1;
    %pushi/vec4 170, 0, 8;
    %store/vec4 v0x2ed48db0_0, 0, 8;
    %pushi/vec4 20, 0, 6;
    %store/vec4 v0x2ed48b00_0, 0, 6;
    %pushi/vec4 187, 0, 8;
    %store/vec4 v0x2ed48e80_0, 0, 8;
    %pushi/vec4 20, 0, 6;
    %store/vec4 v0x2ed48be0_0, 0, 6;
    %delay 10000, 0;
    %vpi_call/w 3 161 "$finish" {0 0 0};
    %end;
    .thread T_3;
    .scope S_0x2ed20410;
T_4 ;
    %vpi_call/w 3 165 "$monitor", "Time=%0t | we_a=%b we_b=%b | addr_a=%0d addr_b=%0d | data_a=0x%h data_b=0x%h | q_a=0x%h q_b=0x%h", $time, v0x2ed490c0_0, v0x2ed49190_0, v0x2ed48b00_0, v0x2ed48be0_0, v0x2ed48db0_0, v0x2ed48e80_0, v0x2ed48f20_0, v0x2ed48ff0_0 {0 0 0};
    %end;
    .thread T_4;
    .scope S_0x2ed492f0;
T_5 ;
    %wait E_0x2ed49530;
    %load/vec4 v0x2ed49de0_0;
    %flag_set/vec4 8;
    %jmp/0xz  T_5.0, 8;
    %load/vec4 v0x2ed49ad0_0;
    %load/vec4 v0x2ed49800_0;
    %pad/u 8;
    %ix/vec4 3;
    %ix/load 4, 0, 0; Constant delay
    %assign/vec4/a/d v0x2ed49c90, 0, 4;
    %jmp T_5.1;
T_5.0 ;
    %load/vec4 v0x2ed49800_0;
    %assign/vec4 v0x2ed498e0_0, 0;
T_5.1 ;
    %jmp T_5;
    .thread T_5;
    .scope S_0x2ecf0580;
T_6 ;
    %vpi_call/w 3 13 "$dumpfile", "dump.vcd" {0 0 0};
    %vpi_call/w 3 14 "$dumpvars", 32'sb00000000000000000000000000000000, S_0x2ecf0580 {0 0 0};
    %pushi/vec4 1, 0, 1;
    %store/vec4 v0x2ed4a020_0, 0, 1;
T_6.0 ;
    %delay 5000, 0;
    %load/vec4 v0x2ed4a020_0;
    %inv;
    %store/vec4 v0x2ed4a020_0, 0, 1;
    %jmp T_6.0;
    %end;
    .thread T_6;
    .scope S_0x2ecf0580;
T_7 ;
    %pushi/vec4 1, 0, 1;
    %store/vec4 v0x2ed4a2c0_0, 0, 1;
    %pushi/vec4 96, 0, 8;
    %store/vec4 v0x2ed4a0f0_0, 0, 8;
    %pushi/vec4 0, 0, 6;
    %store/vec4 v0x2ed49f40_0, 0, 6;
    %delay 10000, 0;
    %pushi/vec4 161, 0, 8;
    %store/vec4 v0x2ed4a0f0_0, 0, 8;
    %pushi/vec4 1, 0, 6;
    %store/vec4 v0x2ed49f40_0, 0, 6;
    %delay 10000, 0;
    %pushi/vec4 137, 0, 8;
    %store/vec4 v0x2ed4a0f0_0, 0, 8;
    %pushi/vec4 2, 0, 6;
    %store/vec4 v0x2ed49f40_0, 0, 6;
    %delay 10000, 0;
    %pushi/vec4 52, 0, 8;
    %store/vec4 v0x2ed4a0f0_0, 0, 8;
    %pushi/vec4 3, 0, 6;
    %store/vec4 v0x2ed49f40_0, 0, 6;
    %delay 10000, 0;
    %pushi/vec4 194, 0, 8;
    %store/vec4 v0x2ed4a0f0_0, 0, 8;
    %pushi/vec4 4, 0, 6;
    %store/vec4 v0x2ed49f40_0, 0, 6;
    %delay 10000, 0;
    %pushi/vec4 239, 0, 8;
    %store/vec4 v0x2ed4a0f0_0, 0, 8;
    %pushi/vec4 5, 0, 6;
    %store/vec4 v0x2ed49f40_0, 0, 6;
    %delay 10000, 0;
    %pushi/vec4 189, 0, 8;
    %store/vec4 v0x2ed4a0f0_0, 0, 8;
    %pushi/vec4 6, 0, 6;
    %store/vec4 v0x2ed49f40_0, 0, 6;
    %delay 10000, 0;
    %pushi/vec4 255, 0, 8;
    %store/vec4 v0x2ed4a0f0_0, 0, 8;
    %pushi/vec4 7, 0, 6;
    %store/vec4 v0x2ed49f40_0, 0, 6;
    %delay 10000, 0;
    %pushi/vec4 0, 0, 1;
    %store/vec4 v0x2ed4a2c0_0, 0, 1;
    %pushi/vec4 0, 0, 6;
    %store/vec4 v0x2ed49f40_0, 0, 6;
    %delay 10000, 0;
    %pushi/vec4 1, 0, 6;
    %store/vec4 v0x2ed49f40_0, 0, 6;
    %delay 10000, 0;
    %vpi_call/w 3 36 "$finish" {0 0 0};
    %end;
    .thread T_7;
# The file index is used to find the file name in the following table.
:file_names 5;
    "N/A";
    "<interactive>";
    "-";
    "testbench.sv";
    "design.sv";
